2024-10-22T10:51:19.539+05:30  INFO 29104 --- [SpringBoot] [main] org.example.springboot.Application       : Starting Application using Java 17.0.12 with PID 29104 (C:\Users\vsharan\Documents\SprinBootRampUP\SpringBoot\target\classes started by vsharan in C:\Users\vsharan\Documents\SprinBootRampUP\SpringBoot)
2024-10-22T10:51:19.557+05:30  INFO 29104 --- [SpringBoot] [main] org.example.springboot.Application       : No active profile set, falling back to 1 default profile: "default"
2024-10-22T10:51:21.701+05:30  INFO 29104 --- [SpringBoot] [main] .s.d.r.c.RepositoryConfigurationDelegate : Bootstrapping Spring Data JPA repositories in DEFAULT mode.
2024-10-22T10:51:21.865+05:30  INFO 29104 --- [SpringBoot] [main] .s.d.r.c.RepositoryConfigurationDelegate : Finished Spring Data repository scanning in 132 ms. Found 6 JPA repository interfaces.
2024-10-22T10:51:23.993+05:30  INFO 29104 --- [SpringBoot] [main] o.s.b.w.embedded.tomcat.TomcatWebServer  : Tomcat initialized with port 3005 (http)
2024-10-22T10:51:24.043+05:30  INFO 29104 --- [SpringBoot] [main] o.apache.catalina.core.StandardService   : Starting service [Tomcat]
2024-10-22T10:51:24.044+05:30  INFO 29104 --- [SpringBoot] [main] o.apache.catalina.core.StandardEngine    : Starting Servlet engine: [Apache Tomcat/10.1.30]
2024-10-22T10:51:24.363+05:30  INFO 29104 --- [SpringBoot] [main] o.a.c.c.C.[Tomcat].[localhost].[/]       : Initializing Spring embedded WebApplicationContext
2024-10-22T10:51:24.365+05:30  INFO 29104 --- [SpringBoot] [main] w.s.c.ServletWebServerApplicationContext : Root WebApplicationContext: initialization completed in 4463 ms
2024-10-22T10:51:25.203+05:30  INFO 29104 --- [SpringBoot] [main] o.hibernate.jpa.internal.util.LogHelper  : HHH000204: Processing PersistenceUnitInfo [name: default]
2024-10-22T10:51:25.405+05:30  INFO 29104 --- [SpringBoot] [main] org.hibernate.Version                    : HHH000412: Hibernate ORM core version 6.5.3.Final
2024-10-22T10:51:25.531+05:30  INFO 29104 --- [SpringBoot] [main] o.h.c.internal.RegionFactoryInitiator    : HHH000026: Second-level cache disabled
2024-10-22T10:51:26.262+05:30  INFO 29104 --- [SpringBoot] [main] o.s.o.j.p.SpringPersistenceUnitInfo      : No LoadTimeWeaver setup: ignoring JPA class transformer
2024-10-22T10:51:26.341+05:30  INFO 29104 --- [SpringBoot] [main] com.zaxxer.hikari.HikariDataSource       : HikariPool-1 - Starting...
2024-10-22T10:51:27.633+05:30  INFO 29104 --- [SpringBoot] [main] com.zaxxer.hikari.pool.HikariPool        : HikariPool-1 - Added connection com.mysql.cj.jdbc.ConnectionImpl@64665781
2024-10-22T10:51:27.641+05:30  INFO 29104 --- [SpringBoot] [main] com.zaxxer.hikari.HikariDataSource       : HikariPool-1 - Start completed.
2024-10-22T10:51:31.632+05:30  INFO 29104 --- [SpringBoot] [main] o.h.e.t.j.p.i.JtaPlatformInitiator       : HHH000489: No JTA platform available (set 'hibernate.transaction.jta.platform' to enable JTA platform integration)
2024-10-22T10:51:31.779+05:30  INFO 29104 --- [SpringBoot] [main] j.LocalContainerEntityManagerFactoryBean : Initialized JPA EntityManagerFactory for persistence unit 'default'
2024-10-22T10:51:32.837+05:30  WARN 29104 --- [SpringBoot] [main] JpaBaseConfiguration$JpaWebConfiguration : spring.jpa.open-in-view is enabled by default. Therefore, database queries may be performed during view rendering. Explicitly configure spring.jpa.open-in-view to disable this warning
2024-10-22T10:51:32.897+05:30  INFO 29104 --- [SpringBoot] [main] o.s.b.a.w.s.WelcomePageHandlerMapping    : Adding welcome page: class path resource [static/index.html]
2024-10-22T10:51:33.714+05:30  INFO 29104 --- [SpringBoot] [main] o.s.b.w.embedded.tomcat.TomcatWebServer  : Tomcat started on port 3005 (http) with context path '/'
2024-10-22T10:51:33.729+05:30  INFO 29104 --- [SpringBoot] [main] org.example.springboot.Application       : Started Application in 14.995 seconds (process running for 15.738)
2024-10-22T10:51:33.743+05:30  INFO 29104 --- [SpringBoot] [main] o.example.springboot.AOP.LoggingAspect   : findAuthorsByCourseID
2024-10-22T10:51:33.743+05:30  INFO 29104 --- [SpringBoot] [main] o.example.springboot.AOP.LoggingAspect   : 31
2024-10-22T10:51:33.743+05:30  INFO 29104 --- [SpringBoot] [main] o.example.springboot.AOP.LoggingAspect   : findByCoursesId
2024-10-22T10:51:33.744+05:30  INFO 29104 --- [SpringBoot] [main] o.example.springboot.AOP.LoggingAspect   : 31
2024-10-22T10:51:34.029+05:30  INFO 29104 --- [SpringBoot] [main] o.example.springboot.AOP.LoggingAspect   : findAuthorsByCourseID
2024-10-22T10:51:34.029+05:30  INFO 29104 --- [SpringBoot] [main] o.example.springboot.AOP.LoggingAspect   : 31
2024-10-22T10:51:34.030+05:30  INFO 29104 --- [SpringBoot] [main] o.example.springboot.AOP.LoggingAspect   : findByCoursesId
2024-10-22T10:51:34.030+05:30  INFO 29104 --- [SpringBoot] [main] o.example.springboot.AOP.LoggingAspect   : 31
2024-10-22T10:51:34.035+05:30  INFO 29104 --- [SpringBoot] [main] org.example.springboot.Application       : Author size0
2024-10-22T10:51:34.036+05:30  INFO 29104 --- [SpringBoot] [main] o.example.springboot.AOP.LoggingAspect   : getCoursesByAuthor
2024-10-22T10:51:34.036+05:30  INFO 29104 --- [SpringBoot] [main] o.example.springboot.AOP.LoggingAspect   : 2
2024-10-22T10:51:34.036+05:30  INFO 29104 --- [SpringBoot] [main] o.example.springboot.AOP.LoggingAspect   : findByAuthorsId
2024-10-22T10:51:34.037+05:30  INFO 29104 --- [SpringBoot] [main] o.example.springboot.AOP.LoggingAspect   : 2
2024-10-22T11:06:13.492+05:30  INFO 29104 --- [SpringBoot] [http-nio-3005-exec-1] o.a.c.c.C.[Tomcat].[localhost].[/]       : Initializing Spring DispatcherServlet 'dispatcherServlet'
2024-10-22T11:06:13.493+05:30  INFO 29104 --- [SpringBoot] [http-nio-3005-exec-1] o.s.web.servlet.DispatcherServlet        : Initializing Servlet 'dispatcherServlet'
2024-10-22T11:06:13.495+05:30  INFO 29104 --- [SpringBoot] [http-nio-3005-exec-1] o.s.web.servlet.DispatcherServlet        : Completed initialization in 2 ms
2024-10-22T11:06:15.378+05:30  INFO 29104 --- [SpringBoot] [http-nio-3005-exec-9] o.springdoc.api.AbstractOpenApiResource  : Init duration for springdoc-openapi is: 722 ms
2024-10-22T11:06:21.096+05:30  INFO 29104 --- [SpringBoot] [http-nio-3005-exec-10] o.example.springboot.AOP.LoggingAspect   : getCourses
2024-10-22T11:06:21.096+05:30  INFO 29104 --- [SpringBoot] [http-nio-3005-exec-10] o.example.springboot.AOP.LoggingAspect   : getCourses
2024-10-22T11:06:21.098+05:30  INFO 29104 --- [SpringBoot] [http-nio-3005-exec-10] o.example.springboot.AOP.LoggingAspect   : findAll
2024-10-22T11:07:05.370+05:30  INFO 29104 --- [SpringBoot] [http-nio-3005-exec-1] o.example.springboot.AOP.LoggingAspect   : createCourse
2024-10-22T11:07:05.381+05:30  INFO 29104 --- [SpringBoot] [http-nio-3005-exec-1] o.example.springboot.AOP.LoggingAspect   : CourseDto(id=null, title=pl, description=A comprehensive course on Java programming., courseLevel=null, authors=null, sections=[SectionDto(id=null, name=Introduction to Java, orderNumber=1, course=null, lectures=[LectureDto(id=null, name=Getting Started, section=null, resource=ResourceDto(id=null, name=Getting Started Guide, size=512, url=http://sharan.com/getting-started-guide.pdf, lecture=null))])])
2024-10-22T11:07:05.383+05:30  INFO 29104 --- [SpringBoot] [http-nio-3005-exec-1] o.example.springboot.AOP.LoggingAspect   : addCourseWithSections
2024-10-22T11:07:05.384+05:30  INFO 29104 --- [SpringBoot] [http-nio-3005-exec-1] o.example.springboot.AOP.LoggingAspect   : CourseDto(id=null, title=pl, description=A comprehensive course on Java programming., courseLevel=null, authors=null, sections=[SectionDto(id=null, name=Introduction to Java, orderNumber=1, course=null, lectures=[LectureDto(id=null, name=Getting Started, section=null, resource=ResourceDto(id=null, name=Getting Started Guide, size=512, url=http://sharan.com/getting-started-guide.pdf, lecture=null))])])
2024-10-22T11:07:05.397+05:30  INFO 29104 --- [SpringBoot] [http-nio-3005-exec-1] o.example.springboot.AOP.LoggingAspect   : save
2024-10-22T11:07:05.398+05:30  INFO 29104 --- [SpringBoot] [http-nio-3005-exec-1] o.example.springboot.AOP.LoggingAspect   : Coursepl idnull A comprehensive course on Java programming.sec size 1
2024-10-22T11:07:05.632+05:30  WARN 29104 --- [SpringBoot] [http-nio-3005-exec-1] o.h.engine.jdbc.spi.SqlExceptionHelper   : SQL Error: 1062, SQLState: 23000
2024-10-22T11:07:05.635+05:30 ERROR 29104 --- [SpringBoot] [http-nio-3005-exec-1] o.h.engine.jdbc.spi.SqlExceptionHelper   : Duplicate entry 'pl' for key 'course.UKmsgoex7rold2eqqf1cllhk02i'
2024-10-22T11:07:49.357+05:30  INFO 29104 --- [SpringBoot] [http-nio-3005-exec-3] o.example.springboot.AOP.LoggingAspect   : createCourse
2024-10-22T11:07:49.357+05:30  INFO 29104 --- [SpringBoot] [http-nio-3005-exec-3] o.example.springboot.AOP.LoggingAspect   : CourseDto(id=null, title=pssl, description=A comprehensive course on Java programming., courseLevel=null, authors=null, sections=[SectionDto(id=null, name=Introduction to Java, orderNumber=1, course=null, lectures=[LectureDto(id=null, name=Getting Started, section=null, resource=ResourceDto(id=null, name=Getting Started Guide, size=512, url=http://sharan.com/getting-started-guide.pdf, lecture=null))])])
2024-10-22T11:07:49.359+05:30  INFO 29104 --- [SpringBoot] [http-nio-3005-exec-3] o.example.springboot.AOP.LoggingAspect   : addCourseWithSections
2024-10-22T11:07:49.360+05:30  INFO 29104 --- [SpringBoot] [http-nio-3005-exec-3] o.example.springboot.AOP.LoggingAspect   : CourseDto(id=null, title=pssl, description=A comprehensive course on Java programming., courseLevel=null, authors=null, sections=[SectionDto(id=null, name=Introduction to Java, orderNumber=1, course=null, lectures=[LectureDto(id=null, name=Getting Started, section=null, resource=ResourceDto(id=null, name=Getting Started Guide, size=512, url=http://sharan.com/getting-started-guide.pdf, lecture=null))])])
2024-10-22T11:07:49.360+05:30  INFO 29104 --- [SpringBoot] [http-nio-3005-exec-3] o.example.springboot.AOP.LoggingAspect   : save
2024-10-22T11:07:49.361+05:30  INFO 29104 --- [SpringBoot] [http-nio-3005-exec-3] o.example.springboot.AOP.LoggingAspect   : Coursepssl idnull A comprehensive course on Java programming.sec size 1
2024-10-22T11:07:55.651+05:30  INFO 29104 --- [SpringBoot] [http-nio-3005-exec-8] o.example.springboot.AOP.LoggingAspect   : getCourses
2024-10-22T11:07:55.652+05:30  INFO 29104 --- [SpringBoot] [http-nio-3005-exec-8] o.example.springboot.AOP.LoggingAspect   : getCourses
2024-10-22T11:07:55.652+05:30  INFO 29104 --- [SpringBoot] [http-nio-3005-exec-8] o.example.springboot.AOP.LoggingAspect   : findAll
2024-10-22T11:08:13.468+05:30  INFO 29104 --- [SpringBoot] [http-nio-3005-exec-7] o.example.springboot.AOP.LoggingAspect   : createCourse
2024-10-22T11:08:13.468+05:30  INFO 29104 --- [SpringBoot] [http-nio-3005-exec-7] o.example.springboot.AOP.LoggingAspect   : CourseDto(id=null, title=test, description=A comprehensive course on Java programming., courseLevel=BEGINNER, authors=null, sections=[SectionDto(id=null, name=Introduction to Java, orderNumber=1, course=null, lectures=[LectureDto(id=null, name=Getting Started, section=null, resource=ResourceDto(id=null, name=Getting Started Guide, size=512, url=http://sharan.com/getting-started-guide.pdf, lecture=null))])])
2024-10-22T11:08:13.470+05:30  INFO 29104 --- [SpringBoot] [http-nio-3005-exec-7] o.example.springboot.AOP.LoggingAspect   : addCourseWithSections
2024-10-22T11:08:13.471+05:30  INFO 29104 --- [SpringBoot] [http-nio-3005-exec-7] o.example.springboot.AOP.LoggingAspect   : CourseDto(id=null, title=test, description=A comprehensive course on Java programming., courseLevel=BEGINNER, authors=null, sections=[SectionDto(id=null, name=Introduction to Java, orderNumber=1, course=null, lectures=[LectureDto(id=null, name=Getting Started, section=null, resource=ResourceDto(id=null, name=Getting Started Guide, size=512, url=http://sharan.com/getting-started-guide.pdf, lecture=null))])])
2024-10-22T11:08:13.471+05:30  INFO 29104 --- [SpringBoot] [http-nio-3005-exec-7] o.example.springboot.AOP.LoggingAspect   : save
2024-10-22T11:08:13.472+05:30  INFO 29104 --- [SpringBoot] [http-nio-3005-exec-7] o.example.springboot.AOP.LoggingAspect   : Coursetest idnull A comprehensive course on Java programming.sec size 1
2024-10-22T11:08:17.817+05:30  INFO 29104 --- [SpringBoot] [http-nio-3005-exec-9] o.example.springboot.AOP.LoggingAspect   : getCourses
2024-10-22T11:08:17.818+05:30  INFO 29104 --- [SpringBoot] [http-nio-3005-exec-9] o.example.springboot.AOP.LoggingAspect   : getCourses
2024-10-22T11:08:17.818+05:30  INFO 29104 --- [SpringBoot] [http-nio-3005-exec-9] o.example.springboot.AOP.LoggingAspect   : findAll
2024-10-22T11:08:29.894+05:30  INFO 29104 --- [SpringBoot] [http-nio-3005-exec-10] o.example.springboot.AOP.LoggingAspect   : handleHttpMessageNotReadable
2024-10-22T11:08:29.894+05:30  INFO 29104 --- [SpringBoot] [http-nio-3005-exec-10] o.example.springboot.AOP.LoggingAspect   : org.springframework.http.converter.HttpMessageNotReadableException: JSON parse error: Cannot deserialize value of type `org.example.springboot.Enums.CourseLevel` from String "BEGINNERe": not one of the values accepted for Enum class: [INTERMEDIATE, BEGINNER, ADVANCED]
